{"C:\\Users\\r0jbY\\Documents\\GitHub\\uvjb\\Implementation\\MicroserviceBackend\\AuthenticationService\\src\\app.ts": {"path":"C:\\Users\\r0jbY\\Documents\\GitHub\\uvjb\\Implementation\\MicroserviceBackend\\AuthenticationService\\src\\app.ts","statementMap":{"0":{"start":{"line":1,"column":0},"end":{"line":1,"column":30}},"1":{"start":{"line":2,"column":0},"end":{"line":2,"column":33}},"2":{"start":{"line":3,"column":0},"end":{"line":3,"column":43}},"3":{"start":{"line":4,"column":0},"end":{"line":4,"column":51}},"4":{"start":{"line":5,"column":0},"end":{"line":5,"column":59}},"5":{"start":{"line":7,"column":0},"end":{"line":7,"column":16}},"6":{"start":{"line":9,"column":12},"end":{"line":9,"column":21}},"7":{"start":{"line":11,"column":0},"end":{"line":11,"column":24}},"8":{"start":{"line":12,"column":0},"end":{"line":12,"column":25}},"9":{"start":{"line":13,"column":0},"end":{"line":13,"column":74}},"10":{"start":{"line":15,"column":0},"end":{"line":15,"column":19}}},"fnMap":{},"branchMap":{},"s":{"0":1,"1":1,"2":1,"3":1,"4":1,"5":1,"6":1,"7":1,"8":1,"9":1,"10":1},"f":{},"b":{}}
,"C:\\Users\\r0jbY\\Documents\\GitHub\\uvjb\\Implementation\\MicroserviceBackend\\AuthenticationService\\src\\controllers\\AuthController.ts": {"path":"C:\\Users\\r0jbY\\Documents\\GitHub\\uvjb\\Implementation\\MicroserviceBackend\\AuthenticationService\\src\\controllers\\AuthController.ts","statementMap":{"0":{"start":{"line":2,"column":0},"end":{"line":2,"column":55}},"1":{"start":{"line":3,"column":0},"end":{"line":3,"column":31}},"2":{"start":{"line":4,"column":0},"end":{"line":4,"column":29}},"3":{"start":{"line":10,"column":8},"end":{"line":49,"column":9}},"4":{"start":{"line":11,"column":40},"end":{"line":11,"column":48}},"5":{"start":{"line":13,"column":25},"end":{"line":13,"column":64}},"6":{"start":{"line":14,"column":12},"end":{"line":16,"column":13}},"7":{"start":{"line":15,"column":14},"end":{"line":15,"column":93}},"8":{"start":{"line":19,"column":27},"end":{"line":19,"column":72}},"9":{"start":{"line":20,"column":12},"end":{"line":22,"column":13}},"10":{"start":{"line":21,"column":14},"end":{"line":21,"column":93}},"11":{"start":{"line":24,"column":32},"end":{"line":24,"column":128}},"12":{"start":{"line":25,"column":33},"end":{"line":25,"column":126}},"13":{"start":{"line":27,"column":12},"end":{"line":31,"column":15}},"14":{"start":{"line":33,"column":12},"end":{"line":38,"column":15}},"15":{"start":{"line":40,"column":12},"end":{"line":44,"column":17}},"16":{"start":{"line":47,"column":10},"end":{"line":47,"column":29}},"17":{"start":{"line":48,"column":10},"end":{"line":48,"column":76}},"18":{"start":{"line":53,"column":6},"end":{"line":58,"column":9}},"19":{"start":{"line":59,"column":6},"end":{"line":64,"column":9}},"20":{"start":{"line":65,"column":8},"end":{"line":65,"column":57}},"21":{"start":{"line":7,"column":0},"end":{"line":7,"column":21}}},"fnMap":{"0":{"name":"(anonymous_8)","decl":{"start":{"line":9,"column":4},"end":{"line":9,"column":10}},"loc":{"start":{"line":9,"column":51},"end":{"line":50,"column":null}}},"1":{"name":"(anonymous_10)","decl":{"start":{"line":52,"column":4},"end":{"line":52,"column":10}},"loc":{"start":{"line":52,"column":52},"end":{"line":66,"column":null}}}},"branchMap":{"0":{"loc":{"start":{"line":14,"column":12},"end":{"line":16,"column":13}},"type":"if","locations":[{"start":{"line":14,"column":12},"end":{"line":16,"column":13}}]},"1":{"loc":{"start":{"line":20,"column":12},"end":{"line":22,"column":13}},"type":"if","locations":[{"start":{"line":20,"column":12},"end":{"line":22,"column":13}}]}},"s":{"0":2,"1":2,"2":2,"3":7,"4":7,"5":7,"6":6,"7":2,"8":4,"9":4,"10":2,"11":2,"12":2,"13":2,"14":2,"15":2,"16":1,"17":1,"18":2,"19":2,"20":2,"21":2},"f":{"0":7,"1":2},"b":{"0":[2],"1":[2]}}
,"C:\\Users\\r0jbY\\Documents\\GitHub\\uvjb\\Implementation\\MicroserviceBackend\\AuthenticationService\\src\\middleware\\validate.ts": {"path":"C:\\Users\\r0jbY\\Documents\\GitHub\\uvjb\\Implementation\\MicroserviceBackend\\AuthenticationService\\src\\middleware\\validate.ts","statementMap":{"0":{"start":{"line":4,"column":24},"end":{"line":17,"column":1}},"1":{"start":{"line":5,"column":2},"end":{"line":16,"column":4}},"2":{"start":{"line":6,"column":19},"end":{"line":6,"column":45}},"3":{"start":{"line":7,"column":4},"end":{"line":12,"column":5}},"4":{"start":{"line":8,"column":6},"end":{"line":10,"column":9}},"5":{"start":{"line":11,"column":6},"end":{"line":11,"column":13}},"6":{"start":{"line":14,"column":4},"end":{"line":14,"column":27}},"7":{"start":{"line":15,"column":4},"end":{"line":15,"column":11}},"8":{"start":{"line":4,"column":13},"end":{"line":4,"column":24}}},"fnMap":{"0":{"name":"(anonymous_0)","decl":{"start":{"line":4,"column":24},"end":{"line":4,"column":28}},"loc":{"start":{"line":4,"column":52},"end":{"line":17,"column":1}}},"1":{"name":"(anonymous_1)","decl":{"start":{"line":5,"column":9},"end":{"line":5,"column":10}},"loc":{"start":{"line":5,"column":67},"end":{"line":16,"column":3}}}},"branchMap":{"0":{"loc":{"start":{"line":7,"column":4},"end":{"line":12,"column":5}},"type":"if","locations":[{"start":{"line":7,"column":4},"end":{"line":12,"column":5}}]}},"s":{"0":2,"1":3,"2":9,"3":9,"4":5,"5":5,"6":4,"7":4,"8":2},"f":{"0":3,"1":9},"b":{"0":[5]}}
,"C:\\Users\\r0jbY\\Documents\\GitHub\\uvjb\\Implementation\\MicroserviceBackend\\AuthenticationService\\src\\routes\\authenticationRouter.ts": {"path":"C:\\Users\\r0jbY\\Documents\\GitHub\\uvjb\\Implementation\\MicroserviceBackend\\AuthenticationService\\src\\routes\\authenticationRouter.ts","statementMap":{"0":{"start":{"line":1,"column":0},"end":{"line":1,"column":52}},"1":{"start":{"line":2,"column":0},"end":{"line":2,"column":59}},"2":{"start":{"line":3,"column":0},"end":{"line":3,"column":50}},"3":{"start":{"line":4,"column":0},"end":{"line":4,"column":51}},"4":{"start":{"line":5,"column":15},"end":{"line":5,"column":23}},"5":{"start":{"line":7,"column":0},"end":{"line":9,"column":3}},"6":{"start":{"line":8,"column":4},"end":{"line":8,"column":35}},"7":{"start":{"line":11,"column":0},"end":{"line":13,"column":3}},"8":{"start":{"line":12,"column":4},"end":{"line":12,"column":36}},"9":{"start":{"line":15,"column":0},"end":{"line":15,"column":22}}},"fnMap":{"0":{"name":"(anonymous_1)","decl":{"start":{"line":7,"column":45},"end":{"line":7,"column":46}},"loc":{"start":{"line":7,"column":77},"end":{"line":9,"column":1}}},"1":{"name":"(anonymous_2)","decl":{"start":{"line":11,"column":23},"end":{"line":11,"column":24}},"loc":{"start":{"line":11,"column":55},"end":{"line":13,"column":1}}}},"branchMap":{},"s":{"0":1,"1":1,"2":1,"3":1,"4":1,"5":1,"6":3,"7":1,"8":1,"9":1},"f":{"0":3,"1":1},"b":{}}
,"C:\\Users\\r0jbY\\Documents\\GitHub\\uvjb\\Implementation\\MicroserviceBackend\\AuthenticationService\\src\\services\\auth.service.ts": {"path":"C:\\Users\\r0jbY\\Documents\\GitHub\\uvjb\\Implementation\\MicroserviceBackend\\AuthenticationService\\src\\services\\auth.service.ts","statementMap":{"0":{"start":{"line":1,"column":0},"end":{"line":1,"column":44}},"1":{"start":{"line":7,"column":4},"end":{"line":12,"column":5}},"2":{"start":{"line":8,"column":8},"end":{"line":8,"column":66}},"3":{"start":{"line":10,"column":6},"end":{"line":10,"column":25}},"4":{"start":{"line":11,"column":6},"end":{"line":11,"column":47}},"5":{"start":{"line":3,"column":0},"end":{"line":3,"column":13}}},"fnMap":{"0":{"name":"(anonymous_7)","decl":{"start":{"line":6,"column":2},"end":{"line":6,"column":8}},"loc":{"start":{"line":6,"column":43},"end":{"line":14,"column":null}}}},"branchMap":{},"s":{"0":3,"1":3,"2":3,"3":1,"4":1,"5":3},"f":{"0":3},"b":{}}
,"C:\\Users\\r0jbY\\Documents\\GitHub\\uvjb\\Implementation\\MicroserviceBackend\\AuthenticationService\\src\\utils\\auth.schema.ts": {"path":"C:\\Users\\r0jbY\\Documents\\GitHub\\uvjb\\Implementation\\MicroserviceBackend\\AuthenticationService\\src\\utils\\auth.schema.ts","statementMap":{"0":{"start":{"line":3,"column":0},"end":{"line":3,"column":24}},"1":{"start":{"line":5,"column":13},"end":{"line":8,"column":3}}},"fnMap":{},"branchMap":{},"s":{"0":2,"1":2},"f":{},"b":{}}
}
