TN:
SF:src\app.ts
FNF:0
FNH:0
DA:1,1
DA:2,1
DA:3,1
DA:4,1
DA:5,1
DA:7,1
DA:9,1
DA:11,1
DA:12,1
DA:13,1
DA:15,1
LF:11
LH:11
BRF:0
BRH:0
end_of_record
TN:
SF:src\controllers\AuthController.ts
FN:9,(anonymous_8)
FN:52,(anonymous_10)
FNF:2
FNH:2
FNDA:7,(anonymous_8)
FNDA:2,(anonymous_10)
DA:2,2
DA:3,2
DA:4,2
DA:7,2
DA:10,7
DA:11,7
DA:13,7
DA:14,6
DA:15,2
DA:19,4
DA:20,4
DA:21,2
DA:24,2
DA:25,2
DA:27,2
DA:33,2
DA:40,2
DA:47,1
DA:48,1
DA:53,2
DA:59,2
DA:65,2
LF:22
LH:22
BRDA:14,0,0,2
BRDA:20,1,0,2
BRF:2
BRH:2
end_of_record
TN:
SF:src\middleware\validate.ts
FN:4,(anonymous_0)
FN:5,(anonymous_1)
FNF:2
FNH:2
FNDA:3,(anonymous_0)
FNDA:9,(anonymous_1)
DA:4,2
DA:5,3
DA:6,9
DA:7,9
DA:8,5
DA:11,5
DA:14,4
DA:15,4
LF:8
LH:8
BRDA:7,0,0,5
BRF:1
BRH:1
end_of_record
TN:
SF:src\routes\authenticationRouter.ts
FN:7,(anonymous_1)
FN:11,(anonymous_2)
FNF:2
FNH:2
FNDA:3,(anonymous_1)
FNDA:1,(anonymous_2)
DA:1,1
DA:2,1
DA:3,1
DA:4,1
DA:5,1
DA:7,1
DA:8,3
DA:11,1
DA:12,1
DA:15,1
LF:10
LH:10
BRF:0
BRH:0
end_of_record
TN:
SF:src\services\auth.service.ts
FN:6,(anonymous_7)
FNF:1
FNH:1
FNDA:3,(anonymous_7)
DA:1,3
DA:3,3
DA:7,3
DA:8,3
DA:10,1
DA:11,1
LF:6
LH:6
BRF:0
BRH:0
end_of_record
TN:
SF:src\utils\auth.schema.ts
FNF:0
FNH:0
DA:3,2
DA:5,2
LF:2
LH:2
BRF:0
BRH:0
end_of_record
